# JRE version: OpenJDK Runtime Environment Temurin-21.0.10+7 (21.0.10+7) (build 21.0.10+7-LTS)
# Java VM: OpenJDK 64-Bit Server VM Temurin-21.0.10+7 (21.0.10+7-LTS, mixed mode, sharing, tiered, compressed oops, compressed class ptrs, parallel gc, windows-amd64)
GC Precious Log:
 CardTable entry size: 512
 CPUs: 12 total, 12 available
 Memory: 7967M
 Large Page Support: Disabled
 NUMA Support: Disabled
 Compressed Oops: Enabled (32-bit)
 Alignments: Space 512K, Generation 512K, Heap 2M
 Heap Min Capacity: 100M
 Heap Initial Capacity: 100M
 Heap Max Capacity: 2G
 Pre-touch: Disabled
 Parallel Workers: 10
Heap:
 PSYoungGen      total 3584K, used 1216K [0x00000000d5580000, 0x00000000d5b80000, 0x0000000100000000)
  eden space 3072K, 30% used [0x00000000d5580000,0x00000000d56681b8,0x00000000d5880000)
  from space 512K, 56% used [0x00000000d5b00000,0x00000000d5b48000,0x00000000d5b80000)
  to   space 512K, 0% used [0x00000000d5a80000,0x00000000d5a80000,0x00000000d5b00000)
 ParOldGen       total 86016K, used 85535K [0x0000000080000000, 0x0000000085400000, 0x00000000d5580000)
  object space 86016K, 99% used [0x0000000080000000,0x0000000085387f48,0x0000000085400000)
 Metaspace       used 81821K, committed 83392K, reserved 1179648K
  class space    used 9932K, committed 10624K, reserved 1048576K
GC Heap History (20 events):
Event: 97.316 GC heap before
{Heap before GC invocations=162 (full 3):
 PSYoungGen      total 3584K, used 3574K [0x00000000d5580000, 0x00000000d5b80000, 0x0000000100000000)
  eden space 3072K, 99% used [0x00000000d5580000,0x00000000d587f710,0x00000000d5880000)
  from space 512K, 98% used [0x00000000d5b00000,0x00000000d5b7e1a8,0x00000000d5b80000)
  to   space 1024K, 0% used [0x00000000d5980000,0x00000000d5980000,0x00000000d5a80000)
 ParOldGen       total 84992K, used 83722K [0x0000000080000000, 0x0000000085300000, 0x00000000d5580000)
  object space 84992K, 98% used [0x0000000080000000,0x00000000851c2be0,0x0000000085300000)
 Metaspace       used 80526K, committed 82048K, reserved 1179648K
  class space    used 9793K, committed 10496K, reserved 1048576K
}
Event: 97.317 GC heap after
{Heap after GC invocations=162 (full 3):
 PSYoungGen      total 4096K, used 288K [0x00000000d5580000, 0x00000000d5b80000, 0x0000000100000000)
  eden space 3072K, 0% used [0x00000000d5580000,0x00000000d5580000,0x00000000d5880000)
  from space 1024K, 28% used [0x00000000d5980000,0x00000000d59c8000,0x00000000d5a80000)
  to   space 512K, 0% used [0x00000000d5b00000,0x00000000d5b00000,0x00000000d5b80000)
 ParOldGen       total 84992K, used 84045K [0x0000000080000000, 0x0000000085300000, 0x00000000d5580000)
  object space 84992K, 98% used [0x0000000080000000,0x00000000852134a0,0x0000000085300000)
 Metaspace       used 80526K, committed 82048K, reserved 1179648K
  class space    used 9793K, committed 10496K, reserved 1048576K
}
Event: 97.448 GC heap before
{Heap before GC invocations=163 (full 3):
 PSYoungGen      total 4096K, used 3359K [0x00000000d5580000, 0x00000000d5b80000, 0x0000000100000000)
  eden space 3072K, 99% used [0x00000000d5580000,0x00000000d587fff8,0x00000000d5880000)
  from space 1024K, 28% used [0x00000000d5980000,0x00000000d59c8000,0x00000000d5a80000)
  to   space 512K, 0% used [0x00000000d5b00000,0x00000000d5b00000,0x00000000d5b80000)
 ParOldGen       total 84992K, used 84045K [0x0000000080000000, 0x0000000085300000, 0x00000000d5580000)
  object space 84992K, 98% used [0x0000000080000000,0x00000000852134a0,0x0000000085300000)
 Metaspace       used 80715K, committed 82240K, reserved 1179648K
  class space    used 9813K, committed 10496K, reserved 1048576K
}
Event: 97.449 GC heap after
{Heap after GC invocations=163 (full 3):
 PSYoungGen      total 3584K, used 288K [0x00000000d5580000, 0x00000000d5b80000, 0x0000000100000000)
  eden space 3072K, 0% used [0x00000000d5580000,0x00000000d5580000,0x00000000d5880000)
  from space 512K, 56% used [0x00000000d5b00000,0x00000000d5b48000,0x00000000d5b80000)
  to   space 512K, 0% used [0x00000000d5a80000,0x00000000d5a80000,0x00000000d5b00000)
 ParOldGen       total 84992K, used 84131K [0x0000000080000000, 0x0000000085300000, 0x00000000d5580000)
  object space 84992K, 98% used [0x0000000080000000,0x0000000085228e78,0x0000000085300000)
 Metaspace       used 80715K, committed 82240K, reserved 1179648K
  class space    used 9813K, committed 10496K, reserved 1048576K
}
Event: 97.560 GC heap before
{Heap before GC invocations=164 (full 3):
 PSYoungGen      total 3584K, used 3360K [0x00000000d5580000, 0x00000000d5b80000, 0x0000000100000000)
  eden space 3072K, 100% used [0x00000000d5580000,0x00000000d5880000,0x00000000d5880000)
  from space 512K, 56% used [0x00000000d5b00000,0x00000000d5b48000,0x00000000d5b80000)
  to   space 512K, 0% used [0x00000000d5a80000,0x00000000d5a80000,0x00000000d5b00000)
 ParOldGen       total 84992K, used 84131K [0x0000000080000000, 0x0000000085300000, 0x00000000d5580000)
  object space 84992K, 98% used [0x0000000080000000,0x0000000085228e78,0x0000000085300000)
 Metaspace       used 80745K, committed 82304K, reserved 1179648K
  class space    used 9813K, committed 10496K, reserved 1048576K
}
Event: 97.562 GC heap after
{Heap after GC invocations=164 (full 3):
 PSYoungGen      total 3584K, used 192K [0x00000000d5580000, 0x00000000d5b80000, 0x0000000100000000)
  eden space 3072K, 0% used [0x00000000d5580000,0x00000000d5580000,0x00000000d5880000)
  from space 512K, 37% used [0x00000000d5a80000,0x00000000d5ab0000,0x00000000d5b00000)
  to   space 512K, 0% used [0x00000000d5b00000,0x00000000d5b00000,0x00000000d5b80000)
 ParOldGen       total 84992K, used 84283K [0x0000000080000000, 0x0000000085300000, 0x00000000d5580000)
  object space 84992K, 99% used [0x0000000080000000,0x000000008524ee78,0x0000000085300000)
 Metaspace       used 80745K, committed 82304K, reserved 1179648K
  class space    used 9813K, committed 10496K, reserved 1048576K
}
Event: 97.690 GC heap before
{Heap before GC invocations=165 (full 3):
 PSYoungGen      total 3584K, used 3263K [0x00000000d5580000, 0x00000000d5b80000, 0x0000000100000000)
  eden space 3072K, 99% used [0x00000000d5580000,0x00000000d587ffd0,0x00000000d5880000)
  from space 512K, 37% used [0x00000000d5a80000,0x00000000d5ab0000,0x00000000d5b00000)
  to   space 512K, 0% used [0x00000000d5b00000,0x00000000d5b00000,0x00000000d5b80000)
 ParOldGen       total 84992K, used 84283K [0x0000000080000000, 0x0000000085300000, 0x00000000d5580000)
  object space 84992K, 99% used [0x0000000080000000,0x000000008524ee78,0x0000000085300000)
 Metaspace       used 80766K, committed 82304K, reserved 1179648K
  class space    used 9813K, committed 10496K, reserved 1048576K
}
Event: 97.691 GC heap after
{Heap after GC invocations=165 (full 3):
 PSYoungGen      total 3584K, used 256K [0x00000000d5580000, 0x00000000d5b80000, 0x0000000100000000)
  eden space 3072K, 0% used [0x00000000d5580000,0x00000000d5580000,0x00000000d5880000)
  from space 512K, 50% used [0x00000000d5b00000,0x00000000d5b40000,0x00000000d5b80000)
  to   space 512K, 0% used [0x00000000d5a80000,0x00000000d5a80000,0x00000000d5b00000)
 ParOldGen       total 84992K, used 84331K [0x0000000080000000, 0x0000000085300000, 0x00000000d5580000)
  object space 84992K, 99% used [0x0000000080000000,0x000000008525ae78,0x0000000085300000)
 Metaspace       used 80766K, committed 82304K, reserved 1179648K
  class space    used 9813K, committed 10496K, reserved 1048576K
}
Event: 97.796 GC heap before
{Heap before GC invocations=166 (full 3):
 PSYoungGen      total 3584K, used 3328K [0x00000000d5580000, 0x00000000d5b80000, 0x0000000100000000)
  eden space 3072K, 100% used [0x00000000d5580000,0x00000000d5880000,0x00000000d5880000)
  from space 512K, 50% used [0x00000000d5b00000,0x00000000d5b40000,0x00000000d5b80000)
  to   space 512K, 0% used [0x00000000d5a80000,0x00000000d5a80000,0x00000000d5b00000)
 ParOldGen       total 84992K, used 84331K [0x0000000080000000, 0x0000000085300000, 0x00000000d5580000)
  object space 84992K, 99% used [0x0000000080000000,0x000000008525ae78,0x0000000085300000)
 Metaspace       used 80772K, committed 82304K, reserved 1179648K
  class space    used 9813K, committed 10496K, reserved 1048576K
}
Event: 97.797 GC heap after
{Heap after GC invocations=166 (full 3):
 PSYoungGen      total 3584K, used 224K [0x00000000d5580000, 0x00000000d5b80000, 0x0000000100000000)
  eden space 3072K, 0% used [0x00000000d5580000,0x00000000d5580000,0x00000000d5880000)
  from space 512K, 43% used [0x00000000d5a80000,0x00000000d5ab8000,0x00000000d5b00000)
  to   space 512K, 0% used [0x00000000d5b00000,0x00000000d5b00000,0x00000000d5b80000)
 ParOldGen       total 84992K, used 84419K [0x0000000080000000, 0x0000000085300000, 0x00000000d5580000)
  object space 84992K, 99% used [0x0000000080000000,0x0000000085270e98,0x0000000085300000)
 Metaspace       used 80772K, committed 82304K, reserved 1179648K
  class space    used 9813K, committed 10496K, reserved 1048576K
}
Event: 98.743 GC heap before
{Heap before GC invocations=167 (full 3):
 PSYoungGen      total 3584K, used 3274K [0x00000000d5580000, 0x00000000d5b80000, 0x0000000100000000)
  eden space 3072K, 99% used [0x00000000d5580000,0x00000000d587a930,0x00000000d5880000)
  from space 512K, 43% used [0x00000000d5a80000,0x00000000d5ab8000,0x00000000d5b00000)
  to   space 512K, 0% used [0x00000000d5b00000,0x00000000d5b00000,0x00000000d5b80000)
 ParOldGen       total 84992K, used 84419K [0x0000000080000000, 0x0000000085300000, 0x00000000d5580000)
  object space 84992K, 99% used [0x0000000080000000,0x0000000085270e98,0x0000000085300000)
 Metaspace       used 80866K, committed 82432K, reserved 1179648K
  class space    used 9826K, committed 10496K, reserved 1048576K
}
Event: 98.744 GC heap after
{Heap after GC invocations=167 (full 3):
 PSYoungGen      total 3584K, used 384K [0x00000000d5580000, 0x00000000d5b80000, 0x0000000100000000)
  eden space 3072K, 0% used [0x00000000d5580000,0x00000000d5580000,0x00000000d5880000)
  from space 512K, 75% used [0x00000000d5b00000,0x00000000d5b60000,0x00000000d5b80000)
  to   space 512K, 0% used [0x00000000d5a80000,0x00000000d5a80000,0x00000000d5b00000)
 ParOldGen       total 84992K, used 84435K [0x0000000080000000, 0x0000000085300000, 0x00000000d5580000)
  object space 84992K, 99% used [0x0000000080000000,0x0000000085274e98,0x0000000085300000)
 Metaspace       used 80866K, committed 82432K, reserved 1179648K
  class space    used 9826K, committed 10496K, reserved 1048576K
}
Event: 98.822 GC heap before
{Heap before GC invocations=168 (full 3):
 PSYoungGen      total 3584K, used 3442K [0x00000000d5580000, 0x00000000d5b80000, 0x0000000100000000)
  eden space 3072K, 99% used [0x00000000d5580000,0x00000000d587c880,0x00000000d5880000)
  from space 512K, 75% used [0x00000000d5b00000,0x00000000d5b60000,0x00000000d5b80000)
  to   space 512K, 0% used [0x00000000d5a80000,0x00000000d5a80000,0x00000000d5b00000)
 ParOldGen       total 84992K, used 84435K [0x0000000080000000, 0x0000000085300000, 0x00000000d5580000)
  object space 84992K, 99% used [0x0000000080000000,0x0000000085274e98,0x0000000085300000)
 Metaspace       used 80874K, committed 82432K, reserved 1179648K
  class space    used 9826K, committed 10496K, reserved 1048576K
}
Event: 98.823 GC heap after
{Heap after GC invocations=168 (full 3):
 PSYoungGen      total 3584K, used 496K [0x00000000d5580000, 0x00000000d5b80000, 0x0000000100000000)
  eden space 3072K, 0% used [0x00000000d5580000,0x00000000d5580000,0x00000000d5880000)
  from space 512K, 96% used [0x00000000d5a80000,0x00000000d5afc030,0x00000000d5b00000)
  to   space 512K, 0% used [0x00000000d5b00000,0x00000000d5b00000,0x00000000d5b80000)
 ParOldGen       total 84992K, used 84871K [0x0000000080000000, 0x0000000085300000, 0x00000000d5580000)
  object space 84992K, 99% used [0x0000000080000000,0x00000000852e1f48,0x0000000085300000)
 Metaspace       used 80874K, committed 82432K, reserved 1179648K
  class space    used 9826K, committed 10496K, reserved 1048576K
}
Event: 98.869 GC heap before
{Heap before GC invocations=169 (full 3):
 PSYoungGen      total 3584K, used 3568K [0x00000000d5580000, 0x00000000d5b80000, 0x0000000100000000)
  eden space 3072K, 100% used [0x00000000d5580000,0x00000000d5880000,0x00000000d5880000)
  from space 512K, 96% used [0x00000000d5a80000,0x00000000d5afc030,0x00000000d5b00000)
  to   space 512K, 0% used [0x00000000d5b00000,0x00000000d5b00000,0x00000000d5b80000)
 ParOldGen       total 84992K, used 84871K [0x0000000080000000, 0x0000000085300000, 0x00000000d5580000)
  object space 84992K, 99% used [0x0000000080000000,0x00000000852e1f48,0x0000000085300000)
 Metaspace       used 80995K, committed 82560K, reserved 1179648K
  class space    used 9834K, committed 10496K, reserved 1048576K
}
Event: 98.870 GC heap after
{Heap after GC invocations=169 (full 3):
 PSYoungGen      total 3584K, used 352K [0x00000000d5580000, 0x00000000d5b80000, 0x0000000100000000)
  eden space 3072K, 0% used [0x00000000d5580000,0x00000000d5580000,0x00000000d5880000)
  from space 512K, 68% used [0x00000000d5b00000,0x00000000d5b58000,0x00000000d5b80000)
  to   space 1024K, 0% used [0x00000000d5980000,0x00000000d5980000,0x00000000d5a80000)
 ParOldGen       total 85504K, used 85223K [0x0000000080000000, 0x0000000085380000, 0x00000000d5580000)
  object space 85504K, 99% used [0x0000000080000000,0x0000000085339f48,0x0000000085380000)
 Metaspace       used 80995K, committed 82560K, reserved 1179648K
  class space    used 9834K, committed 10496K, reserved 1048576K
}
Event: 98.926 GC heap before
{Heap before GC invocations=170 (full 3):
 PSYoungGen      total 3584K, used 3424K [0x00000000d5580000, 0x00000000d5b80000, 0x0000000100000000)
  eden space 3072K, 100% used [0x00000000d5580000,0x00000000d5880000,0x00000000d5880000)
  from space 512K, 68% used [0x00000000d5b00000,0x00000000d5b58000,0x00000000d5b80000)
  to   space 1024K, 0% used [0x00000000d5980000,0x00000000d5980000,0x00000000d5a80000)
 ParOldGen       total 85504K, used 85223K [0x0000000080000000, 0x0000000085380000, 0x00000000d5580000)
  object space 85504K, 99% used [0x0000000080000000,0x0000000085339f48,0x0000000085380000)
 Metaspace       used 81275K, committed 82880K, reserved 1179648K
  class space    used 9867K, committed 10560K, reserved 1048576K
}
Event: 98.927 GC heap after
{Heap after GC invocations=170 (full 3):
 PSYoungGen      total 4096K, used 288K [0x00000000d5580000, 0x00000000d5b80000, 0x0000000100000000)
  eden space 3072K, 0% used [0x00000000d5580000,0x00000000d5580000,0x00000000d5880000)
  from space 1024K, 28% used [0x00000000d5980000,0x00000000d59c8000,0x00000000d5a80000)
  to   space 512K, 0% used [0x00000000d5b00000,0x00000000d5b00000,0x00000000d5b80000)
 ParOldGen       total 85504K, used 85383K [0x0000000080000000, 0x0000000085380000, 0x00000000d5580000)
  object space 85504K, 99% used [0x0000000080000000,0x0000000085361f48,0x0000000085380000)
 Metaspace       used 81275K, committed 82880K, reserved 1179648K
  class space    used 9867K, committed 10560K, reserved 1048576K
}
Event: 99.003 GC heap before
{Heap before GC invocations=171 (full 3):
 PSYoungGen      total 4096K, used 3359K [0x00000000d5580000, 0x00000000d5b80000, 0x0000000100000000)
  eden space 3072K, 99% used [0x00000000d5580000,0x00000000d587ffe8,0x00000000d5880000)
  from space 1024K, 28% used [0x00000000d5980000,0x00000000d59c8000,0x00000000d5a80000)
  to   space 512K, 0% used [0x00000000d5b00000,0x00000000d5b00000,0x00000000d5b80000)
 ParOldGen       total 85504K, used 85383K [0x0000000080000000, 0x0000000085380000, 0x00000000d5580000)
  object space 85504K, 99% used [0x0000000080000000,0x0000000085361f48,0x0000000085380000)
 Metaspace       used 81756K, committed 83328K, reserved 1179648K
  class space    used 9921K, committed 10624K, reserved 1048576K
}
Event: 99.005 GC heap after
{Heap after GC invocations=171 (full 3):
 PSYoungGen      total 3584K, used 288K [0x00000000d5580000, 0x00000000d5b80000, 0x0000000100000000)
  eden space 3072K, 0% used [0x00000000d5580000,0x00000000d5580000,0x00000000d5880000)
  from space 512K, 56% used [0x00000000d5b00000,0x00000000d5b48000,0x00000000d5b80000)
  to   space 512K, 0% used [0x00000000d5a80000,0x00000000d5a80000,0x00000000d5b00000)
 ParOldGen       total 86016K, used 85535K [0x0000000080000000, 0x0000000085400000, 0x00000000d5580000)
  object space 86016K, 99% used [0x0000000080000000,0x0000000085387f48,0x0000000085400000)
 Metaspace       used 81756K, committed 83328K, reserved 1179648K
  class space    used 9921K, committed 10624K, reserved 1048576K
}

