# JRE version: Java(TM) SE Runtime Environment (17.0.12+8) (build 17.0.12+8-LTS-286)
# Java VM: Java HotSpot(TM) 64-Bit Server VM (17.0.12+8-LTS-286, mixed mode, sharing, tiered, compressed oops, compressed class ptrs, g1 gc, windows-amd64)
GC Precious Log:
 CPUs: 12 total, 12 available
 Memory: 7967M
 Large Page Support: Disabled
 NUMA Support: Disabled
 Compressed Oops: Enabled (32-bit)
 Heap Region Size: 1M
 Heap Min Capacity: 256M
 Heap Initial Capacity: 256M
 Heap Max Capacity: 512M
 Pre-touch: Disabled
 Parallel Workers: 10
 Concurrent Workers: 3
 Concurrent Refinement Workers: 10
 Periodic GC: Disabled
Heap:
 garbage-first heap   total 262144K, used 133906K [0x00000000e0000000, 0x0000000100000000)
  region size 1024K, 90 young (92160K), 16 survivors (16384K)
 Metaspace       used 59636K, committed 60416K, reserved 393216K
  class space    used 8583K, committed 8960K, reserved 327680K
GC Heap History (20 events):
Event: 0.968 GC heap before
{Heap before GC invocations=1 (full 0):
 garbage-first heap   total 262144K, used 42570K [0x00000000e0000000, 0x0000000100000000)
  region size 1024K, 38 young (38912K), 2 survivors (2048K)
 Metaspace       used 4556K, committed 4672K, reserved 393216K
  class space    used 573K, committed 640K, reserved 327680K
}
Event: 0.975 GC heap after
{Heap after GC invocations=2 (full 0):
 garbage-first heap   total 262144K, used 11935K [0x00000000e0000000, 0x0000000100000000)
  region size 1024K, 5 young (5120K), 5 survivors (5120K)
 Metaspace       used 4556K, committed 4672K, reserved 393216K
  class space    used 573K, committed 640K, reserved 327680K
}
Event: 1.362 GC heap before
{Heap before GC invocations=2 (full 0):
 garbage-first heap   total 262144K, used 63135K [0x00000000e0000000, 0x0000000100000000)
  region size 1024K, 53 young (54272K), 5 survivors (5120K)
 Metaspace       used 4830K, committed 4992K, reserved 393216K
  class space    used 613K, committed 704K, reserved 327680K
}
Event: 1.366 GC heap after
{Heap after GC invocations=3 (full 0):
 garbage-first heap   total 262144K, used 17228K [0x00000000e0000000, 0x0000000100000000)
  region size 1024K, 5 young (5120K), 5 survivors (5120K)
 Metaspace       used 4830K, committed 4992K, reserved 393216K
  class space    used 613K, committed 704K, reserved 327680K
}
Event: 3.573 GC heap before
{Heap before GC invocations=3 (full 0):
 garbage-first heap   total 262144K, used 116556K [0x00000000e0000000, 0x0000000100000000)
  region size 1024K, 102 young (104448K), 5 survivors (5120K)
 Metaspace       used 21204K, committed 21504K, reserved 393216K
  class space    used 2932K, committed 3136K, reserved 327680K
}
Event: 3.584 GC heap after
{Heap after GC invocations=4 (full 0):
 garbage-first heap   total 262144K, used 23910K [0x00000000e0000000, 0x0000000100000000)
  region size 1024K, 11 young (11264K), 11 survivors (11264K)
 Metaspace       used 21204K, committed 21504K, reserved 393216K
  class space    used 2932K, committed 3136K, reserved 327680K
}
Event: 5.299 GC heap before
{Heap before GC invocations=5 (full 0):
 garbage-first heap   total 262144K, used 151910K [0x00000000e0000000, 0x0000000100000000)
  region size 1024K, 138 young (141312K), 11 survivors (11264K)
 Metaspace       used 35535K, committed 35968K, reserved 393216K
  class space    used 4947K, committed 5184K, reserved 327680K
}
Event: 5.317 GC heap after
{Heap after GC invocations=6 (full 0):
 garbage-first heap   total 262144K, used 33064K [0x00000000e0000000, 0x0000000100000000)
  region size 1024K, 16 young (16384K), 16 survivors (16384K)
 Metaspace       used 35535K, committed 35968K, reserved 393216K
  class space    used 4947K, committed 5184K, reserved 327680K
}
Event: 5.330 GC heap before
{Heap before GC invocations=6 (full 0):
 garbage-first heap   total 262144K, used 34088K [0x00000000e0000000, 0x0000000100000000)
  region size 1024K, 17 young (17408K), 16 survivors (16384K)
 Metaspace       used 35720K, committed 36224K, reserved 393216K
  class space    used 4992K, committed 5248K, reserved 327680K
}
Event: 5.342 GC heap after
{Heap after GC invocations=7 (full 0):
 garbage-first heap   total 262144K, used 32356K [0x00000000e0000000, 0x0000000100000000)
  region size 1024K, 2 young (2048K), 2 survivors (2048K)
 Metaspace       used 35720K, committed 36224K, reserved 393216K
  class space    used 4992K, committed 5248K, reserved 327680K
}
Event: 5.357 GC heap before
{Heap before GC invocations=7 (full 0):
 garbage-first heap   total 262144K, used 33380K [0x00000000e0000000, 0x0000000100000000)
  region size 1024K, 4 young (4096K), 2 survivors (2048K)
 Metaspace       used 35887K, committed 36288K, reserved 393216K
  class space    used 5051K, committed 5248K, reserved 327680K
}
Event: 5.358 GC heap after
{Heap after GC invocations=8 (full 0):
 garbage-first heap   total 262144K, used 31341K [0x00000000e0000000, 0x0000000100000000)
  region size 1024K, 1 young (1024K), 1 survivors (1024K)
 Metaspace       used 35887K, committed 36288K, reserved 393216K
  class space    used 5051K, committed 5248K, reserved 327680K
}
Event: 7.180 GC heap before
{Heap before GC invocations=9 (full 0):
 garbage-first heap   total 262144K, used 185965K [0x00000000e0000000, 0x0000000100000000)
  region size 1024K, 153 young (156672K), 1 survivors (1024K)
 Metaspace       used 44821K, committed 45440K, reserved 393216K
  class space    used 6267K, committed 6592K, reserved 327680K
}
Event: 7.192 GC heap after
{Heap after GC invocations=10 (full 0):
 garbage-first heap   total 262144K, used 42115K [0x00000000e0000000, 0x0000000100000000)
  region size 1024K, 11 young (11264K), 11 survivors (11264K)
 Metaspace       used 44821K, committed 45440K, reserved 393216K
  class space    used 6267K, committed 6592K, reserved 327680K
}
Event: 7.196 GC heap before
{Heap before GC invocations=10 (full 0):
 garbage-first heap   total 262144K, used 43139K [0x00000000e0000000, 0x0000000100000000)
  region size 1024K, 12 young (12288K), 11 survivors (11264K)
 Metaspace       used 44821K, committed 45440K, reserved 393216K
  class space    used 6267K, committed 6592K, reserved 327680K
}
Event: 7.205 GC heap after
{Heap after GC invocations=11 (full 0):
 garbage-first heap   total 262144K, used 43192K [0x00000000e0000000, 0x0000000100000000)
  region size 1024K, 2 young (2048K), 2 survivors (2048K)
 Metaspace       used 44821K, committed 45440K, reserved 393216K
  class space    used 6267K, committed 6592K, reserved 327680K
}
Event: 7.786 GC heap before
{Heap before GC invocations=11 (full 0):
 garbage-first heap   total 262144K, used 198840K [0x00000000e0000000, 0x0000000100000000)
  region size 1024K, 153 young (156672K), 2 survivors (2048K)
 Metaspace       used 45369K, committed 45952K, reserved 393216K
  class space    used 6313K, committed 6592K, reserved 327680K
}
Event: 7.800 GC heap after
{Heap after GC invocations=12 (full 0):
 garbage-first heap   total 262144K, used 51518K [0x00000000e0000000, 0x0000000100000000)
  region size 1024K, 9 young (9216K), 9 survivors (9216K)
 Metaspace       used 45369K, committed 45952K, reserved 393216K
  class space    used 6313K, committed 6592K, reserved 327680K
}
Event: 10.275 GC heap before
{Heap before GC invocations=12 (full 0):
 garbage-first heap   total 262144K, used 198974K [0x00000000e0000000, 0x0000000100000000)
  region size 1024K, 153 young (156672K), 9 survivors (9216K)
 Metaspace       used 54904K, committed 55680K, reserved 393216K
  class space    used 7776K, committed 8128K, reserved 327680K
}
Event: 10.291 GC heap after
{Heap after GC invocations=13 (full 0):
 garbage-first heap   total 262144K, used 59154K [0x00000000e0000000, 0x0000000100000000)
  region size 1024K, 16 young (16384K), 16 survivors (16384K)
 Metaspace       used 54904K, committed 55680K, reserved 393216K
  class space    used 7776K, committed 8128K, reserved 327680K
}

