# JRE version: Java(TM) SE Runtime Environment (17.0.12+8) (build 17.0.12+8-LTS-286)
# Java VM: Java HotSpot(TM) 64-Bit Server VM (17.0.12+8-LTS-286, mixed mode, sharing, tiered, compressed oops, compressed class ptrs, g1 gc, windows-amd64)
GC Precious Log:
 CPUs: 12 total, 12 available
 Memory: 7967M
 Large Page Support: Disabled
 NUMA Support: Disabled
 Compressed Oops: Enabled (32-bit)
 Heap Region Size: 1M
 Heap Min Capacity: 256M
 Heap Initial Capacity: 256M
 Heap Max Capacity: 512M
 Pre-touch: Disabled
 Parallel Workers: 10
 Concurrent Workers: 3
 Concurrent Refinement Workers: 10
 Periodic GC: Disabled
Heap:
 garbage-first heap   total 262144K, used 82209K [0x00000000e0000000, 0x0000000100000000)
  region size 1024K, 58 young (59392K), 16 survivors (16384K)
 Metaspace       used 50983K, committed 51584K, reserved 393216K
  class space    used 7329K, committed 7616K, reserved 327680K
GC Heap History (12 events):
Event: 0.469 GC heap before
{Heap before GC invocations=0 (full 0):
 garbage-first heap   total 262144K, used 22528K [0x00000000e0000000, 0x0000000100000000)
  region size 1024K, 23 young (23552K), 0 survivors (0K)
 Metaspace       used 867K, committed 960K, reserved 393216K
  class space    used 63K, committed 128K, reserved 327680K
}
Event: 0.472 GC heap after
{Heap after GC invocations=1 (full 0):
 garbage-first heap   total 262144K, used 1663K [0x00000000e0000000, 0x0000000100000000)
  region size 1024K, 2 young (2048K), 2 survivors (2048K)
 Metaspace       used 867K, committed 960K, reserved 393216K
  class space    used 63K, committed 128K, reserved 327680K
}
Event: 1.287 GC heap before
{Heap before GC invocations=1 (full 0):
 garbage-first heap   total 262144K, used 41599K [0x00000000e0000000, 0x0000000100000000)
  region size 1024K, 38 young (38912K), 2 survivors (2048K)
 Metaspace       used 4578K, committed 4736K, reserved 393216K
  class space    used 573K, committed 640K, reserved 327680K
}
Event: 1.295 GC heap after
{Heap after GC invocations=2 (full 0):
 garbage-first heap   total 262144K, used 11823K [0x00000000e0000000, 0x0000000100000000)
  region size 1024K, 5 young (5120K), 5 survivors (5120K)
 Metaspace       used 4578K, committed 4736K, reserved 393216K
  class space    used 573K, committed 640K, reserved 327680K
}
Event: 1.956 GC heap before
{Heap before GC invocations=2 (full 0):
 garbage-first heap   total 262144K, used 70191K [0x00000000e0000000, 0x0000000100000000)
  region size 1024K, 60 young (61440K), 5 survivors (5120K)
 Metaspace       used 5805K, committed 6080K, reserved 393216K
  class space    used 768K, committed 896K, reserved 327680K
}
Event: 1.965 GC heap after
{Heap after GC invocations=3 (full 0):
 garbage-first heap   total 262144K, used 18720K [0x00000000e0000000, 0x0000000100000000)
  region size 1024K, 6 young (6144K), 6 survivors (6144K)
 Metaspace       used 5805K, committed 6080K, reserved 393216K
  class space    used 768K, committed 896K, reserved 327680K
}
Event: 3.708 GC heap before
{Heap before GC invocations=3 (full 0):
 garbage-first heap   total 262144K, used 112928K [0x00000000e0000000, 0x0000000100000000)
  region size 1024K, 98 young (100352K), 6 survivors (6144K)
 Metaspace       used 21302K, committed 21504K, reserved 393216K
  class space    used 2956K, committed 3072K, reserved 327680K
}
Event: 3.718 GC heap after
{Heap after GC invocations=4 (full 0):
 garbage-first heap   total 262144K, used 24375K [0x00000000e0000000, 0x0000000100000000)
  region size 1024K, 12 young (12288K), 12 survivors (12288K)
 Metaspace       used 21302K, committed 21504K, reserved 393216K
  class space    used 2956K, committed 3072K, reserved 327680K
}
Event: 5.525 GC heap before
{Heap before GC invocations=5 (full 0):
 garbage-first heap   total 262144K, used 147255K [0x00000000e0000000, 0x0000000100000000)
  region size 1024K, 134 young (137216K), 12 survivors (12288K)
 Metaspace       used 35725K, committed 36096K, reserved 393216K
  class space    used 5136K, committed 5312K, reserved 327680K
}
Event: 5.545 GC heap after
{Heap after GC invocations=6 (full 0):
 garbage-first heap   total 262144K, used 31195K [0x00000000e0000000, 0x0000000100000000)
  region size 1024K, 13 young (13312K), 13 survivors (13312K)
 Metaspace       used 35725K, committed 36096K, reserved 393216K
  class space    used 5136K, committed 5312K, reserved 327680K
}
Event: 8.210 GC heap before
{Heap before GC invocations=7 (full 0):
 garbage-first heap   total 262144K, used 174555K [0x00000000e0000000, 0x0000000100000000)
  region size 1024K, 153 young (156672K), 13 survivors (13312K)
 Metaspace       used 46785K, committed 47360K, reserved 393216K
  class space    used 6632K, committed 6912K, reserved 327680K
}
Event: 8.230 GC heap after
{Heap after GC invocations=8 (full 0):
 garbage-first heap   total 262144K, used 40225K [0x00000000e0000000, 0x0000000100000000)
  region size 1024K, 16 young (16384K), 16 survivors (16384K)
 Metaspace       used 46785K, committed 47360K, reserved 393216K
  class space    used 6632K, committed 6912K, reserved 327680K
}

