# JRE version: OpenJDK Runtime Environment Temurin-21.0.10+7 (21.0.10+7) (build 21.0.10+7-LTS)
# Java VM: OpenJDK 64-Bit Server VM Temurin-21.0.10+7 (21.0.10+7-LTS, mixed mode, sharing, tiered, compressed oops, compressed class ptrs, parallel gc, windows-amd64)
GC Precious Log:
 CardTable entry size: 512
 CPUs: 12 total, 12 available
 Memory: 7967M
 Large Page Support: Disabled
 NUMA Support: Disabled
 Compressed Oops: Enabled (32-bit)
 Alignments: Space 512K, Generation 512K, Heap 2M
 Heap Min Capacity: 100M
 Heap Initial Capacity: 100M
 Heap Max Capacity: 2G
 Pre-touch: Disabled
 Parallel Workers: 10
Heap:
 PSYoungGen      total 2560K, used 1106K [0x00000000d5580000, 0x00000000d5980000, 0x0000000100000000)
  eden space 2048K, 30% used [0x00000000d5580000,0x00000000d561ab00,0x00000000d5780000)
  from space 512K, 95% used [0x00000000d5880000,0x00000000d58f9f70,0x00000000d5900000)
  to   space 1024K, 0% used [0x00000000d5780000,0x00000000d5780000,0x00000000d5880000)
 ParOldGen       total 121344K, used 120741K [0x0000000080000000, 0x0000000087680000, 0x00000000d5580000)
  object space 121344K, 99% used [0x0000000080000000,0x00000000875e97e0,0x0000000087680000)
 Metaspace       used 64968K, committed 66304K, reserved 1114112K
  class space    used 6590K, committed 7168K, reserved 1048576K
GC Heap History (20 events):
Event: 1388.513 GC heap after
{Heap after GC invocations=376 (full 3):
 PSYoungGen      total 2048K, used 507K [0x00000000d5580000, 0x00000000d5900000, 0x0000000100000000)
  eden space 1536K, 0% used [0x00000000d5580000,0x00000000d5580000,0x00000000d5700000)
  from space 512K, 99% used [0x00000000d5780000,0x00000000d57fec30,0x00000000d5800000)
  to   space 1024K, 0% used [0x00000000d5800000,0x00000000d5800000,0x00000000d5900000)
 ParOldGen       total 114176K, used 113951K [0x0000000080000000, 0x0000000086f80000, 0x00000000d5580000)
  object space 114176K, 99% used [0x0000000080000000,0x0000000086f47d70,0x0000000086f80000)
 Metaspace       used 64960K, committed 66304K, reserved 1114112K
  class space    used 6590K, committed 7168K, reserved 1048576K
}
Event: 1388.529 GC heap before
{Heap before GC invocations=377 (full 3):
 PSYoungGen      total 2048K, used 2043K [0x00000000d5580000, 0x00000000d5900000, 0x0000000100000000)
  eden space 1536K, 100% used [0x00000000d5580000,0x00000000d5700000,0x00000000d5700000)
  from space 512K, 99% used [0x00000000d5780000,0x00000000d57fec30,0x00000000d5800000)
  to   space 1024K, 0% used [0x00000000d5800000,0x00000000d5800000,0x00000000d5900000)
 ParOldGen       total 114176K, used 113951K [0x0000000080000000, 0x0000000086f80000, 0x00000000d5580000)
  object space 114176K, 99% used [0x0000000080000000,0x0000000086f47d70,0x0000000086f80000)
 Metaspace       used 64960K, committed 66304K, reserved 1114112K
  class space    used 6590K, committed 7168K, reserved 1048576K
}
Event: 1388.530 GC heap after
{Heap after GC invocations=377 (full 3):
 PSYoungGen      total 2560K, used 703K [0x00000000d5580000, 0x00000000d5900000, 0x0000000100000000)
  eden space 1536K, 0% used [0x00000000d5580000,0x00000000d5580000,0x00000000d5700000)
  from space 1024K, 68% used [0x00000000d5800000,0x00000000d58afcd0,0x00000000d5900000)
  to   space 1024K, 0% used [0x00000000d5700000,0x00000000d5700000,0x00000000d5800000)
 ParOldGen       total 114688K, used 114421K [0x0000000080000000, 0x0000000087000000, 0x00000000d5580000)
  object space 114688K, 99% used [0x0000000080000000,0x0000000086fbd7f8,0x0000000087000000)
 Metaspace       used 64960K, committed 66304K, reserved 1114112K
  class space    used 6590K, committed 7168K, reserved 1048576K
}
Event: 1388.539 GC heap before
{Heap before GC invocations=378 (full 3):
 PSYoungGen      total 2560K, used 2239K [0x00000000d5580000, 0x00000000d5900000, 0x0000000100000000)
  eden space 1536K, 100% used [0x00000000d5580000,0x00000000d5700000,0x00000000d5700000)
  from space 1024K, 68% used [0x00000000d5800000,0x00000000d58afcd0,0x00000000d5900000)
  to   space 1024K, 0% used [0x00000000d5700000,0x00000000d5700000,0x00000000d5800000)
 ParOldGen       total 114688K, used 114421K [0x0000000080000000, 0x0000000087000000, 0x00000000d5580000)
  object space 114688K, 99% used [0x0000000080000000,0x0000000086fbd7f8,0x0000000087000000)
 Metaspace       used 64960K, committed 66304K, reserved 1114112K
  class space    used 6590K, committed 7168K, reserved 1048576K
}
Event: 1388.540 GC heap after
{Heap after GC invocations=378 (full 3):
 PSYoungGen      total 2560K, used 679K [0x00000000d5580000, 0x00000000d5900000, 0x0000000100000000)
  eden space 1536K, 0% used [0x00000000d5580000,0x00000000d5580000,0x00000000d5700000)
  from space 1024K, 66% used [0x00000000d5700000,0x00000000d57a9f18,0x00000000d5800000)
  to   space 1024K, 0% used [0x00000000d5800000,0x00000000d5800000,0x00000000d5900000)
 ParOldGen       total 115200K, used 114967K [0x0000000080000000, 0x0000000087080000, 0x00000000d5580000)
  object space 115200K, 99% used [0x0000000080000000,0x0000000087045e98,0x0000000087080000)
 Metaspace       used 64960K, committed 66304K, reserved 1114112K
  class space    used 6590K, committed 7168K, reserved 1048576K
}
Event: 1388.553 GC heap before
{Heap before GC invocations=379 (full 3):
 PSYoungGen      total 2560K, used 2215K [0x00000000d5580000, 0x00000000d5900000, 0x0000000100000000)
  eden space 1536K, 100% used [0x00000000d5580000,0x00000000d5700000,0x00000000d5700000)
  from space 1024K, 66% used [0x00000000d5700000,0x00000000d57a9f18,0x00000000d5800000)
  to   space 1024K, 0% used [0x00000000d5800000,0x00000000d5800000,0x00000000d5900000)
 ParOldGen       total 115200K, used 114967K [0x0000000080000000, 0x0000000087080000, 0x00000000d5580000)
  object space 115200K, 99% used [0x0000000080000000,0x0000000087045e98,0x0000000087080000)
 Metaspace       used 64960K, committed 66304K, reserved 1114112K
  class space    used 6590K, committed 7168K, reserved 1048576K
}
Event: 1388.553 GC heap after
{Heap after GC invocations=379 (full 3):
 PSYoungGen      total 2560K, used 666K [0x00000000d5580000, 0x00000000d5900000, 0x0000000100000000)
  eden space 1536K, 0% used [0x00000000d5580000,0x00000000d5580000,0x00000000d5700000)
  from space 1024K, 65% used [0x00000000d5800000,0x00000000d58a6880,0x00000000d5900000)
  to   space 1024K, 0% used [0x00000000d5700000,0x00000000d5700000,0x00000000d5800000)
 ParOldGen       total 115712K, used 115505K [0x0000000080000000, 0x0000000087100000, 0x00000000d5580000)
  object space 115712K, 99% used [0x0000000080000000,0x00000000870cc788,0x0000000087100000)
 Metaspace       used 64960K, committed 66304K, reserved 1114112K
  class space    used 6590K, committed 7168K, reserved 1048576K
}
Event: 1388.572 GC heap before
{Heap before GC invocations=380 (full 3):
 PSYoungGen      total 2560K, used 2202K [0x00000000d5580000, 0x00000000d5900000, 0x0000000100000000)
  eden space 1536K, 99% used [0x00000000d5580000,0x00000000d56ffff0,0x00000000d5700000)
  from space 1024K, 65% used [0x00000000d5800000,0x00000000d58a6880,0x00000000d5900000)
  to   space 1024K, 0% used [0x00000000d5700000,0x00000000d5700000,0x00000000d5800000)
 ParOldGen       total 115712K, used 115505K [0x0000000080000000, 0x0000000087100000, 0x00000000d5580000)
  object space 115712K, 99% used [0x0000000080000000,0x00000000870cc788,0x0000000087100000)
 Metaspace       used 64960K, committed 66304K, reserved 1114112K
  class space    used 6590K, committed 7168K, reserved 1048576K
}
Event: 1388.573 GC heap after
{Heap after GC invocations=380 (full 3):
 PSYoungGen      total 2560K, used 657K [0x00000000d5580000, 0x00000000d5900000, 0x0000000100000000)
  eden space 1536K, 0% used [0x00000000d5580000,0x00000000d5580000,0x00000000d5700000)
  from space 1024K, 64% used [0x00000000d5700000,0x00000000d57a4500,0x00000000d5800000)
  to   space 1024K, 0% used [0x00000000d5800000,0x00000000d5800000,0x00000000d5900000)
 ParOldGen       total 116224K, used 116015K [0x0000000080000000, 0x0000000087180000, 0x00000000d5580000)
  object space 116224K, 99% used [0x0000000080000000,0x000000008714bcd8,0x0000000087180000)
 Metaspace       used 64960K, committed 66304K, reserved 1114112K
  class space    used 6590K, committed 7168K, reserved 1048576K
}
Event: 1388.596 GC heap before
{Heap before GC invocations=381 (full 3):
 PSYoungGen      total 2560K, used 2151K [0x00000000d5580000, 0x00000000d5900000, 0x0000000100000000)
  eden space 1536K, 97% used [0x00000000d5580000,0x00000000d56f59a0,0x00000000d5700000)
  from space 1024K, 64% used [0x00000000d5700000,0x00000000d57a4500,0x00000000d5800000)
  to   space 1024K, 0% used [0x00000000d5800000,0x00000000d5800000,0x00000000d5900000)
 ParOldGen       total 116224K, used 116015K [0x0000000080000000, 0x0000000087180000, 0x00000000d5580000)
  object space 116224K, 99% used [0x0000000080000000,0x000000008714bcd8,0x0000000087180000)
 Metaspace       used 64962K, committed 66304K, reserved 1114112K
  class space    used 6590K, committed 7168K, reserved 1048576K
}
Event: 1388.597 GC heap after
{Heap after GC invocations=381 (full 3):
 PSYoungGen      total 2560K, used 685K [0x00000000d5580000, 0x00000000d5900000, 0x0000000100000000)
  eden space 1536K, 0% used [0x00000000d5580000,0x00000000d5580000,0x00000000d5700000)
  from space 1024K, 66% used [0x00000000d5800000,0x00000000d58ab6e0,0x00000000d5900000)
  to   space 1024K, 0% used [0x00000000d5700000,0x00000000d5700000,0x00000000d5800000)
 ParOldGen       total 116736K, used 116558K [0x0000000080000000, 0x0000000087200000, 0x00000000d5580000)
  object space 116736K, 99% used [0x0000000080000000,0x00000000871d3ae0,0x0000000087200000)
 Metaspace       used 64962K, committed 66304K, reserved 1114112K
  class space    used 6590K, committed 7168K, reserved 1048576K
}
Event: 1388.611 GC heap before
{Heap before GC invocations=382 (full 3):
 PSYoungGen      total 2560K, used 2221K [0x00000000d5580000, 0x00000000d5900000, 0x0000000100000000)
  eden space 1536K, 100% used [0x00000000d5580000,0x00000000d5700000,0x00000000d5700000)
  from space 1024K, 66% used [0x00000000d5800000,0x00000000d58ab6e0,0x00000000d5900000)
  to   space 1024K, 0% used [0x00000000d5700000,0x00000000d5700000,0x00000000d5800000)
 ParOldGen       total 116736K, used 116558K [0x0000000080000000, 0x0000000087200000, 0x00000000d5580000)
  object space 116736K, 99% used [0x0000000080000000,0x00000000871d3ae0,0x0000000087200000)
 Metaspace       used 64962K, committed 66304K, reserved 1114112K
  class space    used 6590K, committed 7168K, reserved 1048576K
}
Event: 1388.613 GC heap after
{Heap after GC invocations=382 (full 3):
 PSYoungGen      total 2560K, used 550K [0x00000000d5580000, 0x00000000d5900000, 0x0000000100000000)
  eden space 1536K, 0% used [0x00000000d5580000,0x00000000d5580000,0x00000000d5700000)
  from space 1024K, 53% used [0x00000000d5700000,0x00000000d5789bb8,0x00000000d5800000)
  to   space 1024K, 0% used [0x00000000d5800000,0x00000000d5800000,0x00000000d5900000)
 ParOldGen       total 118272K, used 117831K [0x0000000080000000, 0x0000000087380000, 0x00000000d5580000)
  object space 118272K, 99% used [0x0000000080000000,0x0000000087311d10,0x0000000087380000)
 Metaspace       used 64962K, committed 66304K, reserved 1114112K
  class space    used 6590K, committed 7168K, reserved 1048576K
}
Event: 1388.615 GC heap before
{Heap before GC invocations=383 (full 3):
 PSYoungGen      total 2560K, used 2086K [0x00000000d5580000, 0x00000000d5900000, 0x0000000100000000)
  eden space 1536K, 99% used [0x00000000d5580000,0x00000000d56fffc8,0x00000000d5700000)
  from space 1024K, 53% used [0x00000000d5700000,0x00000000d5789bb8,0x00000000d5800000)
  to   space 1024K, 0% used [0x00000000d5800000,0x00000000d5800000,0x00000000d5900000)
 ParOldGen       total 118272K, used 117831K [0x0000000080000000, 0x0000000087380000, 0x00000000d5580000)
  object space 118272K, 99% used [0x0000000080000000,0x0000000087311d10,0x0000000087380000)
 Metaspace       used 64962K, committed 66304K, reserved 1114112K
  class space    used 6590K, committed 7168K, reserved 1048576K
}
Event: 1388.617 GC heap after
{Heap after GC invocations=383 (full 3):
 PSYoungGen      total 2048K, used 256K [0x00000000d5580000, 0x00000000d5880000, 0x0000000100000000)
  eden space 1536K, 0% used [0x00000000d5580000,0x00000000d5580000,0x00000000d5700000)
  from space 512K, 50% used [0x00000000d5800000,0x00000000d5840000,0x00000000d5880000)
  to   space 512K, 0% used [0x00000000d5780000,0x00000000d5780000,0x00000000d5800000)
 ParOldGen       total 118272K, used 118225K [0x0000000080000000, 0x0000000087380000, 0x00000000d5580000)
  object space 118272K, 99% used [0x0000000080000000,0x00000000873745c8,0x0000000087380000)
 Metaspace       used 64962K, committed 66304K, reserved 1114112K
  class space    used 6590K, committed 7168K, reserved 1048576K
}
Event: 1388.632 GC heap before
{Heap before GC invocations=384 (full 3):
 PSYoungGen      total 2048K, used 1792K [0x00000000d5580000, 0x00000000d5880000, 0x0000000100000000)
  eden space 1536K, 100% used [0x00000000d5580000,0x00000000d5700000,0x00000000d5700000)
  from space 512K, 50% used [0x00000000d5800000,0x00000000d5840000,0x00000000d5880000)
  to   space 512K, 0% used [0x00000000d5780000,0x00000000d5780000,0x00000000d5800000)
 ParOldGen       total 118272K, used 118225K [0x0000000080000000, 0x0000000087380000, 0x00000000d5580000)
  object space 118272K, 99% used [0x0000000080000000,0x00000000873745c8,0x0000000087380000)
 Metaspace       used 64962K, committed 66304K, reserved 1114112K
  class space    used 6590K, committed 7168K, reserved 1048576K
}
Event: 1388.634 GC heap after
{Heap after GC invocations=384 (full 3):
 PSYoungGen      total 2048K, used 492K [0x00000000d5580000, 0x00000000d5900000, 0x0000000100000000)
  eden space 1536K, 0% used [0x00000000d5580000,0x00000000d5580000,0x00000000d5700000)
  from space 512K, 96% used [0x00000000d5780000,0x00000000d57fb3b8,0x00000000d5800000)
  to   space 1024K, 0% used [0x00000000d5800000,0x00000000d5800000,0x00000000d5900000)
 ParOldGen       total 118784K, used 118331K [0x0000000080000000, 0x0000000087400000, 0x00000000d5580000)
  object space 118784K, 99% used [0x0000000080000000,0x000000008738eda8,0x0000000087400000)
 Metaspace       used 64962K, committed 66304K, reserved 1114112K
  class space    used 6590K, committed 7168K, reserved 1048576K
}
Event: 1388.655 GC heap before
{Heap before GC invocations=385 (full 3):
 PSYoungGen      total 2048K, used 2024K [0x00000000d5580000, 0x00000000d5900000, 0x0000000100000000)
  eden space 1536K, 99% used [0x00000000d5580000,0x00000000d56fef30,0x00000000d5700000)
  from space 512K, 96% used [0x00000000d5780000,0x00000000d57fb3b8,0x00000000d5800000)
  to   space 1024K, 0% used [0x00000000d5800000,0x00000000d5800000,0x00000000d5900000)
 ParOldGen       total 118784K, used 118331K [0x0000000080000000, 0x0000000087400000, 0x00000000d5580000)
  object space 118784K, 99% used [0x0000000080000000,0x000000008738eda8,0x0000000087400000)
 Metaspace       used 64963K, committed 66304K, reserved 1114112K
  class space    used 6590K, committed 7168K, reserved 1048576K
}
Event: 1388.655 GC heap after
{Heap after GC invocations=385 (full 3):
 PSYoungGen      total 2560K, used 689K [0x00000000d5580000, 0x00000000d5900000, 0x0000000100000000)
  eden space 1536K, 0% used [0x00000000d5580000,0x00000000d5580000,0x00000000d5700000)
  from space 1024K, 67% used [0x00000000d5800000,0x00000000d58ac430,0x00000000d5900000)
  to   space 1024K, 0% used [0x00000000d5700000,0x00000000d5700000,0x00000000d5800000)
 ParOldGen       total 118784K, used 118691K [0x0000000080000000, 0x0000000087400000, 0x00000000d5580000)
  object space 118784K, 99% used [0x0000000080000000,0x00000000873e8dc8,0x0000000087400000)
 Metaspace       used 64963K, committed 66304K, reserved 1114112K
  class space    used 6590K, committed 7168K, reserved 1048576K
}
Event: 1388.665 GC heap before
{Heap before GC invocations=386 (full 3):
 PSYoungGen      total 2560K, used 2225K [0x00000000d5580000, 0x00000000d5900000, 0x0000000100000000)
  eden space 1536K, 100% used [0x00000000d5580000,0x00000000d5700000,0x00000000d5700000)
  from space 1024K, 67% used [0x00000000d5800000,0x00000000d58ac430,0x00000000d5900000)
  to   space 1024K, 0% used [0x00000000d5700000,0x00000000d5700000,0x00000000d5800000)
 ParOldGen       total 118784K, used 118691K [0x0000000080000000, 0x0000000087400000, 0x00000000d5580000)
  object space 118784K, 99% used [0x0000000080000000,0x00000000873e8dc8,0x0000000087400000)
 Metaspace       used 64963K, committed 66304K, reserved 1114112K
  class space    used 6590K, committed 7168K, reserved 1048576K
}

